<?xml version="1.0" encoding="UTF-8"?>
<!-- Generated by org.testng.reporters.JUnitReportReporter -->
<testsuite hostname="Exaltare-Techno" failures="0" tests="1" name="tutorialsninja.register.TC_RF_001" time="7.682" errors="0" timestamp="2025-03-18T18:56:48 IST" skipped="0">
  <testcase classname="tutorialsninja.register.TC_RF_001" name="registerWithMandatoryFields" time="7.682"/>
</testsuite> <!-- tutorialsninja.register.TC_RF_001 -->
