<?xml version="1.0" encoding="UTF-8"?>
<!-- Generated by org.testng.reporters.JUnitReportReporter -->
<testsuite hostname="Exaltare-Techno" failures="0" tests="1" name="tutorialsninja.register.TC_RF_002_Trial" time="18.230" errors="0" timestamp="2025-03-27T15:52:55 IST" skipped="0">
  <testcase classname="tutorialsninja.register.TC_RF_002_Trial" name="verifyConfirmationEmail" time="18.230"/>
</testsuite> <!-- tutorialsninja.register.TC_RF_002_Trial -->
