<?xml version="1.0" encoding="UTF-8"?>
<!-- Generated by org.testng.reporters.JUnitReportReporter -->
<testsuite hostname="Exaltare-Techno" failures="0" tests="1" name="tutorialsninja.register.TC_RF_001" time="9.593" errors="0" timestamp="2025-03-20T16:39:35 IST" skipped="0">
  <testcase classname="tutorialsninja.register.TC_RF_001" name="registerWithMandatoryFields" time="9.593"/>
</testsuite> <!-- tutorialsninja.register.TC_RF_001 -->
